<?xml version="1.0" encoding="UTF-8"?>
<testng-results ignored="0" total="1" passed="1" failed="0" skipped="0">
  <reporter-output>
  </reporter-output>
  <suite started-at="2021-05-08T11:20:03 IST" name="Default suite" finished-at="2021-05-08T11:21:39 IST" duration-ms="95924">
    <groups>
    </groups>
    <test started-at="2021-05-08T11:20:03 IST" name="Default test" finished-at="2021-05-08T11:21:39 IST" duration-ms="95924">
      <class name="Testcases.LoginTestcases">
        <test-method is-config="true" signature="LunchBrowser()[pri:0, instance:Testcases.LoginTestcases@74455848]" started-at="2021-05-08T11:19:29 IST" name="LunchBrowser" finished-at="2021-05-08T11:20:03 IST" duration-ms="33968" status="PASS">
          <reporter-output>
          </reporter-output>
        </test-method> <!-- LunchBrowser -->
        <test-method signature="Function()[pri:0, instance:Testcases.LoginTestcases@74455848]" started-at="2021-05-08T11:20:03 IST" name="Function" finished-at="2021-05-08T11:21:39 IST" duration-ms="95853" status="PASS">
          <reporter-output>
          </reporter-output>
        </test-method> <!-- Function -->
        <test-method is-config="true" signature="Endbrowser()[pri:0, instance:Testcases.LoginTestcases@74455848]" started-at="2021-05-08T11:21:39 IST" name="Endbrowser" finished-at="2021-05-08T11:21:40 IST" duration-ms="552" status="PASS">
          <reporter-output>
          </reporter-output>
        </test-method> <!-- Endbrowser -->
      </class> <!-- Testcases.LoginTestcases -->
    </test> <!-- Default test -->
  </suite> <!-- Default suite -->
</testng-results>
